<?xml version="1.0" encoding="UTF-8"?>
<testng-results skipped="0" failed="1" ignored="2" total="3" passed="0">
  <reporter-output>
    <line>
      <![CDATA[Login with correct credentials]]>
    </line>
    <line>
      <![CDATA[Validate error message for incorrect login]]>
    </line>
    <line>
      <![CDATA[open website drop down]]>
    </line>
    <line>
      <![CDATA[Click on add new buttonto open foem]]>
    </line>
    <line>
      <![CDATA[Add minicipal document name]]>
    </line>
    <line>
      <![CDATA[Add minicipal descriptions]]>
    </line>
    <line>
      <![CDATA[Add keyword details]]>
    </line>
    <line>
      <![CDATA[Upload municipal documnet file]]>
    </line>
    <line>
      <![CDATA[save municipal details form]]>
    </line>
    <line>
      <![CDATA[Validate error message for incorrect login]]>
    </line>
    <line>
      <![CDATA[open website drop down]]>
    </line>
  </reporter-output>
  <suite name="Default suite" duration-ms="67018" started-at="2020-04-08T15:29:13Z" finished-at="2020-04-08T15:30:20Z">
    <groups>
      <group name="All">
        <method signature="Auto_prtotrac_delete_municipal_documnet.TC010_MarketingMaterial_Documents_delete()[pri:0, instance:Protrack.test.library.page.Auto_prtotrac_delete_municipal_documnet@2473b9ce]" name="TC010_MarketingMaterial_Documents_delete" class="Protrack.test.library.page.Auto_prtotrac_delete_municipal_documnet"/>
      </group> <!-- All -->
      <group name="Regression">
        <method signature="Auto_prtotrac_delete_municipal_documnet.TC010_MarketingMaterial_Documents_delete()[pri:0, instance:Protrack.test.library.page.Auto_prtotrac_delete_municipal_documnet@2473b9ce]" name="TC010_MarketingMaterial_Documents_delete" class="Protrack.test.library.page.Auto_prtotrac_delete_municipal_documnet"/>
      </group> <!-- Regression -->
    </groups>
    <test name="Default test" duration-ms="67018" started-at="2020-04-08T15:29:13Z" finished-at="2020-04-08T15:30:20Z">
      <class name="Protrack.test.library.page.Auto_prtotrac_delete_municipal_documnet">
        <test-method status="PASS" signature="beforeSuite()[pri:0, instance:Protrack.test.library.page.Auto_prtotrac_delete_municipal_documnet@2473b9ce]" name="beforeSuite" is-config="true" duration-ms="259" started-at="2020-04-08T20:59:13Z" finished-at="2020-04-08T20:59:13Z">
          <reporter-output>
          </reporter-output>
        </test-method> <!-- beforeSuite -->
        <test-method status="PASS" signature="beforeClass()[pri:0, instance:Protrack.test.library.page.Auto_prtotrac_delete_municipal_documnet@2473b9ce]" name="beforeClass" is-config="true" duration-ms="142" started-at="2020-04-08T20:59:13Z" finished-at="2020-04-08T20:59:13Z">
          <reporter-output>
          </reporter-output>
        </test-method> <!-- beforeClass -->
        <test-method status="PASS" signature="openBrowser()[pri:0, instance:Protrack.test.library.page.Auto_prtotrac_delete_municipal_documnet@2473b9ce]" name="openBrowser" is-config="true" duration-ms="10706" depends-on-groups="beforeClass" started-at="2020-04-08T20:59:13Z" finished-at="2020-04-08T20:59:24Z">
          <reporter-output>
          </reporter-output>
        </test-method> <!-- openBrowser -->
        <test-method status="PASS" signature="beforeMethod(java.lang.reflect.Method)[pri:0, instance:Protrack.test.library.page.Auto_prtotrac_delete_municipal_documnet@2473b9ce]" name="beforeMethod" is-config="true" duration-ms="4" started-at="2020-04-08T20:59:24Z" finished-at="2020-04-08T20:59:24Z">
          <params>
            <param index="0">
              <value>
                <![CDATA[public void Protrack.test.library.page.Auto_prtotrac_delete_municipal_documnet.TC010_MarketingMaterial_Documents_delete() throws java.io.IOException,java.lang.InterruptedException]]>
              </value>
            </param>
          </params>
          <reporter-output>
          </reporter-output>
        </test-method> <!-- beforeMethod -->
        <test-method status="PASS" signature="beforeMethod()[pri:0, instance:Protrack.test.library.page.Auto_prtotrac_delete_municipal_documnet@2473b9ce]" name="beforeMethod" is-config="true" duration-ms="24094" depends-on-groups="beforeMethod" started-at="2020-04-08T20:59:24Z" finished-at="2020-04-08T20:59:48Z">
          <reporter-output>
            <line>
              <![CDATA[Login with correct credentials]]>
            </line>
          </reporter-output>
        </test-method> <!-- beforeMethod -->
        <test-method status="FAIL" signature="TC010_MarketingMaterial_Documents_delete()[pri:0, instance:Protrack.test.library.page.Auto_prtotrac_delete_municipal_documnet@2473b9ce]" name="TC010_MarketingMaterial_Documents_delete" duration-ms="30379" started-at="2020-04-08T20:59:48Z" description="Delete marketing material documnet" finished-at="2020-04-08T21:00:18Z">
          <exception class="org.openqa.selenium.NoSuchWindowException">
            <message>
              <![CDATA[no such window: target window already closedfrom unknown error: web view not found  (Session info: chrome=80.0.3987.149)Build info: version: '3.12.0', revision: '7c6e0b3', time: '2018-05-08T14:04:26.12Z'System info: host: 'RAHUL', ip: '192.168.0.109', os.name: 'Windows 8.1', os.arch: 'amd64', os.version: '6.3', java.version: '1.8.0_131'Driver info: org.openqa.selenium.chrome.ChromeDriverCapabilities {acceptInsecureCerts: false, browserName: chrome, browserVersion: 80.0.3987.149, chrome: {chromedriverVersion: 79.0.3945.36 (3582db32b3389..., userDataDir: C:\Users\RAHULR~1\AppData\L...}, goog:chromeOptions: {debuggerAddress: localhost:55045}, javascriptEnabled: true, networkConnectionEnabled: false, pageLoadStrategy: normal, platform: WINDOWS, platformName: WINDOWS, proxy: Proxy(), setWindowRect: true, strictFileInteractability: false, timeouts: {implicit: 0, pageLoad: 300000, script: 30000}, unhandledPromptBehavior: dismiss and notify}Session ID: 577e1657f9e506a36a09c991d33b4a27]]>
            </message>
            <full-stacktrace>
              <![CDATA[org.openqa.selenium.NoSuchWindowException: no such window: target window already closedfrom unknown error: web view not found  (Session info: chrome=80.0.3987.149)Build info: version: '3.12.0', revision: '7c6e0b3', time: '2018-05-08T14:04:26.12Z'System info: host: 'RAHUL', ip: '192.168.0.109', os.name: 'Windows 8.1', os.arch: 'amd64', os.version: '6.3', java.version: '1.8.0_131'Driver info: org.openqa.selenium.chrome.ChromeDriverCapabilities {acceptInsecureCerts: false, browserName: chrome, browserVersion: 80.0.3987.149, chrome: {chromedriverVersion: 79.0.3945.36 (3582db32b3389..., userDataDir: C:\Users\RAHULR~1\AppData\L...}, goog:chromeOptions: {debuggerAddress: localhost:55045}, javascriptEnabled: true, networkConnectionEnabled: false, pageLoadStrategy: normal, platform: WINDOWS, platformName: WINDOWS, proxy: Proxy(), setWindowRect: true, strictFileInteractability: false, timeouts: {implicit: 0, pageLoad: 300000, script: 30000}, unhandledPromptBehavior: dismiss and notify}Session ID: 577e1657f9e506a36a09c991d33b4a27at sun.reflect.NativeConstructorAccessorImpl.newInstance0(Native Method)at sun.reflect.NativeConstructorAccessorImpl.newInstance(NativeConstructorAccessorImpl.java:62)at sun.reflect.DelegatingConstructorAccessorImpl.newInstance(DelegatingConstructorAccessorImpl.java:45)at java.lang.reflect.Constructor.newInstance(Constructor.java:423)at org.openqa.selenium.remote.http.W3CHttpResponseCodec.createException(W3CHttpResponseCodec.java:187)at org.openqa.selenium.remote.http.W3CHttpResponseCodec.decode(W3CHttpResponseCodec.java:122)at org.openqa.selenium.remote.http.W3CHttpResponseCodec.decode(W3CHttpResponseCodec.java:49)at org.openqa.selenium.remote.HttpCommandExecutor.execute(HttpCommandExecutor.java:158)at org.openqa.selenium.remote.service.DriverCommandExecutor.execute(DriverCommandExecutor.java:83)at org.openqa.selenium.remote.RemoteWebDriver.execute(RemoteWebDriver.java:543)at org.openqa.selenium.remote.RemoteWebDriver.executeScript(RemoteWebDriver.java:480)at protrack.com.frame.core.SeleniumHelper.waitForBrowserToLoadCompletely(SeleniumHelper.java:1690)at protrack.main.test.page.librarydocumentpage.open_marketing_website_dropdown(librarydocumentpage.java:173)at Protrack.test.library.page.Auto_prtotrac_delete_municipal_documnet.TC010_MarketingMaterial_Documents_delete(Auto_prtotrac_delete_municipal_documnet.java:35)at sun.reflect.NativeMethodAccessorImpl.invoke0(Native Method)at sun.reflect.NativeMethodAccessorImpl.invoke(NativeMethodAccessorImpl.java:62)at sun.reflect.DelegatingMethodAccessorImpl.invoke(DelegatingMethodAccessorImpl.java:43)at java.lang.reflect.Method.invoke(Method.java:498)at org.testng.internal.MethodInvocationHelper.invokeMethod(MethodInvocationHelper.java:124)at org.testng.internal.Invoker.invokeMethod(Invoker.java:571)at org.testng.internal.Invoker.invokeTestMethod(Invoker.java:707)at org.testng.internal.Invoker.invokeTestMethods(Invoker.java:979)at org.testng.internal.TestMethodWorker.invokeTestMethods(TestMethodWorker.java:125)at org.testng.internal.TestMethodWorker.run(TestMethodWorker.java:109)at org.testng.TestRunner.privateRun(TestRunner.java:648)at org.testng.TestRunner.run(TestRunner.java:505)at org.testng.SuiteRunner.runTest(SuiteRunner.java:455)at org.testng.SuiteRunner.runSequentially(SuiteRunner.java:450)at org.testng.SuiteRunner.privateRun(SuiteRunner.java:415)at org.testng.SuiteRunner.run(SuiteRunner.java:364)at org.testng.SuiteRunnerWorker.runSuite(SuiteRunnerWorker.java:52)at org.testng.SuiteRunnerWorker.run(SuiteRunnerWorker.java:84)at org.testng.TestNG.runSuitesSequentially(TestNG.java:1187)at org.testng.TestNG.runSuitesLocally(TestNG.java:1116)at org.testng.TestNG.runSuites(TestNG.java:1028)at org.testng.TestNG.run(TestNG.java:996)at org.testng.remote.AbstractRemoteTestNG.run(AbstractRemoteTestNG.java:114)at org.testng.remote.RemoteTestNG.initAndRun(RemoteTestNG.java:251)at org.testng.remote.RemoteTestNG.main(RemoteTestNG.java:77)]]>
            </full-stacktrace>
          </exception> <!-- org.openqa.selenium.NoSuchWindowException -->
          <reporter-output>
            <line>
              <![CDATA[Validate error message for incorrect login]]>
            </line>
            <line>
              <![CDATA[open website drop down]]>
            </line>
            <line>
              <![CDATA[Click on add new buttonto open foem]]>
            </line>
            <line>
              <![CDATA[Add minicipal document name]]>
            </line>
            <line>
              <![CDATA[Add minicipal descriptions]]>
            </line>
            <line>
              <![CDATA[Add keyword details]]>
            </line>
            <line>
              <![CDATA[Upload municipal documnet file]]>
            </line>
            <line>
              <![CDATA[save municipal details form]]>
            </line>
            <line>
              <![CDATA[Validate error message for incorrect login]]>
            </line>
            <line>
              <![CDATA[open website drop down]]>
            </line>
          </reporter-output>
        </test-method> <!-- TC010_MarketingMaterial_Documents_delete -->
        <test-method status="FAIL" signature="afterMethod(org.testng.ITestResult)[pri:0, instance:Protrack.test.library.page.Auto_prtotrac_delete_municipal_documnet@2473b9ce]" name="afterMethod" is-config="true" duration-ms="231" started-at="2020-04-08T21:00:18Z" finished-at="2020-04-08T21:00:18Z">
          <params>
            <param index="0">
              <value>
                <![CDATA[[TestResult name=TC010_MarketingMaterial_Documents_delete status=FAILURE method=Auto_prtotrac_delete_municipal_documnet.TC010_MarketingMaterial_Documents_delete()[pri:0, instance:Protrack.test.library.page.Auto_prtotrac_delete_municipal_documnet@2473b9ce] output=Validate error message for incorrect login]]]>
              </value>
            </param>
          </params>
          <exception class="java.lang.AssertionError">
            <message>
              <![CDATA[null]]>
            </message>
            <full-stacktrace>
              <![CDATA[java.lang.AssertionError: nullat org.testng.Assert.fail(Assert.java:96)at org.testng.Assert.fail(Assert.java:103)at protrack.com.frame.core.SeleniumHelper.takeScreenShot(SeleniumHelper.java:2381)at protrack.com.frame.core.BaseTest.afterMethod(BaseTest.java:109)at sun.reflect.NativeMethodAccessorImpl.invoke0(Native Method)at sun.reflect.NativeMethodAccessorImpl.invoke(NativeMethodAccessorImpl.java:62)at sun.reflect.DelegatingMethodAccessorImpl.invoke(DelegatingMethodAccessorImpl.java:43)at java.lang.reflect.Method.invoke(Method.java:498)at org.testng.internal.MethodInvocationHelper.invokeMethod(MethodInvocationHelper.java:124)at org.testng.internal.MethodInvocationHelper.invokeMethodConsideringTimeout(MethodInvocationHelper.java:59)at org.testng.internal.Invoker.invokeConfigurationMethod(Invoker.java:451)at org.testng.internal.Invoker.invokeConfigurations(Invoker.java:222)at org.testng.internal.Invoker.invokeMethod(Invoker.java:634)at org.testng.internal.Invoker.invokeTestMethod(Invoker.java:707)at org.testng.internal.Invoker.invokeTestMethods(Invoker.java:979)at org.testng.internal.TestMethodWorker.invokeTestMethods(TestMethodWorker.java:125)at org.testng.internal.TestMethodWorker.run(TestMethodWorker.java:109)at org.testng.TestRunner.privateRun(TestRunner.java:648)at org.testng.TestRunner.run(TestRunner.java:505)at org.testng.SuiteRunner.runTest(SuiteRunner.java:455)at org.testng.SuiteRunner.runSequentially(SuiteRunner.java:450)at org.testng.SuiteRunner.privateRun(SuiteRunner.java:415)at org.testng.SuiteRunner.run(SuiteRunner.java:364)at org.testng.SuiteRunnerWorker.runSuite(SuiteRunnerWorker.java:52)at org.testng.SuiteRunnerWorker.run(SuiteRunnerWorker.java:84)at org.testng.TestNG.runSuitesSequentially(TestNG.java:1187)at org.testng.TestNG.runSuitesLocally(TestNG.java:1116)at org.testng.TestNG.runSuites(TestNG.java:1028)at org.testng.TestNG.run(TestNG.java:996)at org.testng.remote.AbstractRemoteTestNG.run(AbstractRemoteTestNG.java:114)at org.testng.remote.RemoteTestNG.initAndRun(RemoteTestNG.java:251)at org.testng.remote.RemoteTestNG.main(RemoteTestNG.java:77)]]>
            </full-stacktrace>
          </exception> <!-- java.lang.AssertionError -->
          <reporter-output>
          </reporter-output>
        </test-method> <!-- afterMethod -->
        <test-method status="FAIL" signature="logout()[pri:0, instance:Protrack.test.library.page.Auto_prtotrac_delete_municipal_documnet@2473b9ce]" name="logout" is-config="true" duration-ms="13" depends-on-groups="afterMethod" started-at="2020-04-08T21:00:18Z" finished-at="2020-04-08T21:00:18Z">
          <exception class="java.lang.AssertionError">
            <message>
              <![CDATA[Element is not clickable]]>
            </message>
            <full-stacktrace>
              <![CDATA[java.lang.AssertionError: Element is not clickableat org.testng.Assert.fail(Assert.java:96)at protrack.com.frame.core.SeleniumHelper.getElement(SeleniumHelper.java:917)at protrack.com.test.suite.Config_Utility.logout(Config_Utility.java:39)at sun.reflect.NativeMethodAccessorImpl.invoke0(Native Method)at sun.reflect.NativeMethodAccessorImpl.invoke(NativeMethodAccessorImpl.java:62)at sun.reflect.DelegatingMethodAccessorImpl.invoke(DelegatingMethodAccessorImpl.java:43)at java.lang.reflect.Method.invoke(Method.java:498)at org.testng.internal.MethodInvocationHelper.invokeMethod(MethodInvocationHelper.java:124)at org.testng.internal.MethodInvocationHelper.invokeMethodConsideringTimeout(MethodInvocationHelper.java:59)at org.testng.internal.Invoker.invokeConfigurationMethod(Invoker.java:451)at org.testng.internal.Invoker.invokeConfigurations(Invoker.java:222)at org.testng.internal.Invoker.invokeMethod(Invoker.java:634)at org.testng.internal.Invoker.invokeTestMethod(Invoker.java:707)at org.testng.internal.Invoker.invokeTestMethods(Invoker.java:979)at org.testng.internal.TestMethodWorker.invokeTestMethods(TestMethodWorker.java:125)at org.testng.internal.TestMethodWorker.run(TestMethodWorker.java:109)at org.testng.TestRunner.privateRun(TestRunner.java:648)at org.testng.TestRunner.run(TestRunner.java:505)at org.testng.SuiteRunner.runTest(SuiteRunner.java:455)at org.testng.SuiteRunner.runSequentially(SuiteRunner.java:450)at org.testng.SuiteRunner.privateRun(SuiteRunner.java:415)at org.testng.SuiteRunner.run(SuiteRunner.java:364)at org.testng.SuiteRunnerWorker.runSuite(SuiteRunnerWorker.java:52)at org.testng.SuiteRunnerWorker.run(SuiteRunnerWorker.java:84)at org.testng.TestNG.runSuitesSequentially(TestNG.java:1187)at org.testng.TestNG.runSuitesLocally(TestNG.java:1116)at org.testng.TestNG.runSuites(TestNG.java:1028)at org.testng.TestNG.run(TestNG.java:996)at org.testng.remote.AbstractRemoteTestNG.run(AbstractRemoteTestNG.java:114)at org.testng.remote.RemoteTestNG.initAndRun(RemoteTestNG.java:251)at org.testng.remote.RemoteTestNG.main(RemoteTestNG.java:77)]]>
            </full-stacktrace>
          </exception> <!-- java.lang.AssertionError -->
          <reporter-output>
          </reporter-output>
        </test-method> <!-- logout -->
        <test-method status="PASS" signature="afterClass()[pri:0, instance:Protrack.test.library.page.Auto_prtotrac_delete_municipal_documnet@2473b9ce]" name="afterClass" is-config="true" duration-ms="771" started-at="2020-04-08T21:00:18Z" finished-at="2020-04-08T21:00:19Z">
          <reporter-output>
          </reporter-output>
        </test-method> <!-- afterClass -->
        <test-method status="PASS" signature="endBrowser()[pri:0, instance:Protrack.test.library.page.Auto_prtotrac_delete_municipal_documnet@2473b9ce]" name="endBrowser" is-config="true" duration-ms="613" depends-on-groups="afterClass" started-at="2020-04-08T21:00:19Z" finished-at="2020-04-08T21:00:20Z">
          <reporter-output>
          </reporter-output>
        </test-method> <!-- endBrowser -->
        <test-method status="PASS" signature="afterSuite()[pri:0, instance:Protrack.test.library.page.Auto_prtotrac_delete_municipal_documnet@2473b9ce]" name="afterSuite" is-config="true" duration-ms="3649" started-at="2020-04-08T21:00:20Z" finished-at="2020-04-08T21:00:24Z">
          <reporter-output>
          </reporter-output>
        </test-method> <!-- afterSuite -->
      </class> <!-- Protrack.test.library.page.Auto_prtotrac_delete_municipal_documnet -->
    </test> <!-- Default test -->
  </suite> <!-- Default suite -->
</testng-results>
